<?xml version="1.0" encoding="UTF-8"?>
<testsuite xmlns:xsi="http://www.w3.org/2001/XMLSchema-instance" xsi:noNamespaceSchemaLocation="https://maven.apache.org/surefire/maven-surefire-plugin/xsd/surefire-test-report.xsd" name="AppTest" time="2.438" tests="1" errors="0" skipped="0" failures="1">
  <properties>
    <property name="sun.desktop" value="gnome"/>
    <property name="awt.toolkit" value="sun.awt.X11.XToolkit"/>
    <property name="java.specification.version" value="11"/>
    <property name="sun.cpu.isalist" value=""/>
    <property name="sun.jnu.encoding" value="UTF-8"/>
    <property name="java.class.path" value="/home/opuzaman/src/rest-asssured/target/test-classes:/home/opuzaman/src/rest-asssured/target/classes:/home/opuzaman/.m2/repository/io/rest-assured/rest-assured/3.1.0/rest-assured-3.1.0.jar:/home/opuzaman/.m2/repository/org/codehaus/groovy/groovy/2.4.12/groovy-2.4.12.jar:/home/opuzaman/.m2/repository/org/codehaus/groovy/groovy-xml/2.4.12/groovy-xml-2.4.12.jar:/home/opuzaman/.m2/repository/org/apache/httpcomponents/httpclient/4.5.3/httpclient-4.5.3.jar:/home/opuzaman/.m2/repository/org/apache/httpcomponents/httpcore/4.4.6/httpcore-4.4.6.jar:/home/opuzaman/.m2/repository/commons-logging/commons-logging/1.2/commons-logging-1.2.jar:/home/opuzaman/.m2/repository/commons-codec/commons-codec/1.9/commons-codec-1.9.jar:/home/opuzaman/.m2/repository/org/apache/httpcomponents/httpmime/4.5.1/httpmime-4.5.1.jar:/home/opuzaman/.m2/repository/org/hamcrest/hamcrest-core/1.3/hamcrest-core-1.3.jar:/home/opuzaman/.m2/repository/org/hamcrest/hamcrest-library/1.3/hamcrest-library-1.3.jar:/home/opuzaman/.m2/repository/org/ccil/cowan/tagsoup/tagsoup/1.2.1/tagsoup-1.2.1.jar:/home/opuzaman/.m2/repository/io/rest-assured/json-path/3.1.0/json-path-3.1.0.jar:/home/opuzaman/.m2/repository/org/codehaus/groovy/groovy-json/2.4.12/groovy-json-2.4.12.jar:/home/opuzaman/.m2/repository/io/rest-assured/rest-assured-common/3.1.0/rest-assured-common-3.1.0.jar:/home/opuzaman/.m2/repository/io/rest-assured/xml-path/3.1.0/xml-path-3.1.0.jar:/home/opuzaman/.m2/repository/org/apache/commons/commons-lang3/3.4/commons-lang3-3.4.jar:/home/opuzaman/.m2/repository/javax/xml/bind/jaxb-api/2.2.12/jaxb-api-2.2.12.jar:/home/opuzaman/.m2/repository/org/testng/testng/6.14.3/testng-6.14.3.jar:/home/opuzaman/.m2/repository/com/beust/jcommander/1.72/jcommander-1.72.jar:/home/opuzaman/.m2/repository/org/apache-extras/beanshell/bsh/2.0b6/bsh-2.0b6.jar:"/>
    <property name="java.vm.vendor" value="Private Build"/>
    <property name="sun.arch.data.model" value="64"/>
    <property name="java.vendor.url" value="Unknown"/>
    <property name="user.timezone" value=""/>
    <property name="java.vm.specification.version" value="11"/>
    <property name="os.name" value="Linux"/>
    <property name="sun.java.launcher" value="SUN_STANDARD"/>
    <property name="user.country" value="CA"/>
    <property name="sun.boot.library.path" value="/usr/lib/jvm/java-11-openjdk-amd64/lib"/>
    <property name="sun.java.command" value="/home/opuzaman/src/rest-asssured/target/surefire/surefirebooter1312619765799399267.jar /home/opuzaman/src/rest-asssured/target/surefire 2020-08-09T22-39-11_803-jvmRun1 surefire11216760363684800532tmp surefire_016773401038346322829tmp"/>
    <property name="jdk.debug" value="release"/>
    <property name="surefire.test.class.path" value="/home/opuzaman/src/rest-asssured/target/test-classes:/home/opuzaman/src/rest-asssured/target/classes:/home/opuzaman/.m2/repository/io/rest-assured/rest-assured/3.1.0/rest-assured-3.1.0.jar:/home/opuzaman/.m2/repository/org/codehaus/groovy/groovy/2.4.12/groovy-2.4.12.jar:/home/opuzaman/.m2/repository/org/codehaus/groovy/groovy-xml/2.4.12/groovy-xml-2.4.12.jar:/home/opuzaman/.m2/repository/org/apache/httpcomponents/httpclient/4.5.3/httpclient-4.5.3.jar:/home/opuzaman/.m2/repository/org/apache/httpcomponents/httpcore/4.4.6/httpcore-4.4.6.jar:/home/opuzaman/.m2/repository/commons-logging/commons-logging/1.2/commons-logging-1.2.jar:/home/opuzaman/.m2/repository/commons-codec/commons-codec/1.9/commons-codec-1.9.jar:/home/opuzaman/.m2/repository/org/apache/httpcomponents/httpmime/4.5.1/httpmime-4.5.1.jar:/home/opuzaman/.m2/repository/org/hamcrest/hamcrest-core/1.3/hamcrest-core-1.3.jar:/home/opuzaman/.m2/repository/org/hamcrest/hamcrest-library/1.3/hamcrest-library-1.3.jar:/home/opuzaman/.m2/repository/org/ccil/cowan/tagsoup/tagsoup/1.2.1/tagsoup-1.2.1.jar:/home/opuzaman/.m2/repository/io/rest-assured/json-path/3.1.0/json-path-3.1.0.jar:/home/opuzaman/.m2/repository/org/codehaus/groovy/groovy-json/2.4.12/groovy-json-2.4.12.jar:/home/opuzaman/.m2/repository/io/rest-assured/rest-assured-common/3.1.0/rest-assured-common-3.1.0.jar:/home/opuzaman/.m2/repository/io/rest-assured/xml-path/3.1.0/xml-path-3.1.0.jar:/home/opuzaman/.m2/repository/org/apache/commons/commons-lang3/3.4/commons-lang3-3.4.jar:/home/opuzaman/.m2/repository/javax/xml/bind/jaxb-api/2.2.12/jaxb-api-2.2.12.jar:/home/opuzaman/.m2/repository/org/testng/testng/6.14.3/testng-6.14.3.jar:/home/opuzaman/.m2/repository/com/beust/jcommander/1.72/jcommander-1.72.jar:/home/opuzaman/.m2/repository/org/apache-extras/beanshell/bsh/2.0b6/bsh-2.0b6.jar:"/>
    <property name="sun.cpu.endian" value="little"/>
    <property name="user.home" value="/home/opuzaman"/>
    <property name="user.language" value="en"/>
    <property name="java.specification.vendor" value="Oracle Corporation"/>
    <property name="java.version.date" value="2019-10-15"/>
    <property name="java.home" value="/usr/lib/jvm/java-11-openjdk-amd64"/>
    <property name="file.separator" value="/"/>
    <property name="basedir" value="/home/opuzaman/src/rest-asssured"/>
    <property name="java.vm.compressedOopsMode" value="Zero based"/>
    <property name="line.separator" value="&#10;"/>
    <property name="java.specification.name" value="Java Platform API Specification"/>
    <property name="java.vm.specification.vendor" value="Oracle Corporation"/>
    <property name="java.awt.graphicsenv" value="sun.awt.X11GraphicsEnvironment"/>
    <property name="surefire.real.class.path" value="/home/opuzaman/src/rest-asssured/target/surefire/surefirebooter1312619765799399267.jar"/>
    <property name="sun.management.compiler" value="HotSpot 64-Bit Tiered Compilers"/>
    <property name="java.runtime.version" value="11.0.5+10-post-Ubuntu-0ubuntu1.118.04"/>
    <property name="user.name" value="opuzaman"/>
    <property name="path.separator" value=":"/>
    <property name="os.version" value="4.15.0-54-generic"/>
    <property name="java.runtime.name" value="OpenJDK Runtime Environment"/>
    <property name="file.encoding" value="UTF-8"/>
    <property name="java.vm.name" value="OpenJDK 64-Bit Server VM"/>
    <property name="localRepository" value="/home/opuzaman/.m2/repository"/>
    <property name="java.vendor.url.bug" value="Unknown"/>
    <property name="java.io.tmpdir" value="/tmp"/>
    <property name="java.version" value="11.0.5"/>
    <property name="user.dir" value="/home/opuzaman/src/rest-asssured"/>
    <property name="os.arch" value="amd64"/>
    <property name="java.vm.specification.name" value="Java Virtual Machine Specification"/>
    <property name="java.awt.printerjob" value="sun.print.PSPrinterJob"/>
    <property name="sun.os.patch.level" value="unknown"/>
    <property name="java.library.path" value="/usr/java/packages/lib:/usr/lib/x86_64-linux-gnu/jni:/lib/x86_64-linux-gnu:/usr/lib/x86_64-linux-gnu:/usr/lib/jni:/lib:/usr/lib"/>
    <property name="java.vendor" value="Private Build"/>
    <property name="java.vm.info" value="mixed mode, sharing"/>
    <property name="java.vm.version" value="11.0.5+10-post-Ubuntu-0ubuntu1.118.04"/>
    <property name="sun.io.unicode.encoding" value="UnicodeLittle"/>
    <property name="java.class.version" value="55.0"/>
  </properties>
  <testcase name="simple_get_test" classname="AppTest" time="2.093">
    <failure message="1 expectation failed.&#10;JSON path data doesn&apos;t match.&#10;Expected: (a collection containing &quot;employee_name&quot;)&#10;  Actual: [{profile_image=, employee_name=Tiger Nixon, employee_salary=320800, id=1, employee_age=61}, {profile_image=, employee_name=Garrett Winters, employee_salary=170750, id=2, employee_age=63}, {profile_image=, employee_name=Ashton Cox, employee_salary=86000, id=3, employee_age=66}, {profile_image=, employee_name=Cedric Kelly, employee_salary=433060, id=4, employee_age=22}, {profile_image=, employee_name=Airi Satou, employee_salary=162700, id=5, employee_age=33}, {profile_image=, employee_name=Brielle Williamson, employee_salary=372000, id=6, employee_age=61}, {profile_image=, employee_name=Herrod Chandler, employee_salary=137500, id=7, employee_age=59}, {profile_image=, employee_name=Rhona Davidson, employee_salary=327900, id=8, employee_age=55}, {profile_image=, employee_name=Colleen Hurst, employee_salary=205500, id=9, employee_age=39}, {profile_image=, employee_name=Sonya Frost, employee_salary=103600, id=10, employee_age=23}, {profile_image=, employee_name=Jena Gaines, employee_salary=90560, id=11, employee_age=30}, {profile_image=, employee_name=Quinn Flynn, employee_salary=342000, id=12, employee_age=22}, {profile_image=, employee_name=Charde Marshall, employee_salary=470600, id=13, employee_age=36}, {profile_image=, employee_name=Haley Kennedy, employee_salary=313500, id=14, employee_age=43}, {profile_image=, employee_name=Tatyana Fitzpatrick, employee_salary=385750, id=15, employee_age=19}, {profile_image=, employee_name=Michael Silva, employee_salary=198500, id=16, employee_age=66}, {profile_image=, employee_name=Paul Byrd, employee_salary=725000, id=17, employee_age=64}, {profile_image=, employee_name=Gloria Little, employee_salary=237500, id=18, employee_age=59}, {profile_image=, employee_name=Bradley Greer, employee_salary=132000, id=19, employee_age=41}, {profile_image=, employee_name=Dai Rios, employee_salary=217500, id=20, employee_age=35}, {profile_image=, employee_name=Jenette Caldwell, employee_salary=345000, id=21, employee_age=30}, {profile_image=, employee_name=Yuri Berry, employee_salary=675000, id=22, employee_age=40}, {profile_image=, employee_name=Caesar Vance, employee_salary=106450, id=23, employee_age=21}, {profile_image=, employee_name=Doris Wilder, employee_salary=85600, id=24, employee_age=23}]&#10;" type="java.lang.AssertionError">java.lang.AssertionError: 
1 expectation failed.
JSON path data doesn't match.
Expected: (a collection containing "employee_name")
  Actual: [{profile_image=, employee_name=Tiger Nixon, employee_salary=320800, id=1, employee_age=61}, {profile_image=, employee_name=Garrett Winters, employee_salary=170750, id=2, employee_age=63}, {profile_image=, employee_name=Ashton Cox, employee_salary=86000, id=3, employee_age=66}, {profile_image=, employee_name=Cedric Kelly, employee_salary=433060, id=4, employee_age=22}, {profile_image=, employee_name=Airi Satou, employee_salary=162700, id=5, employee_age=33}, {profile_image=, employee_name=Brielle Williamson, employee_salary=372000, id=6, employee_age=61}, {profile_image=, employee_name=Herrod Chandler, employee_salary=137500, id=7, employee_age=59}, {profile_image=, employee_name=Rhona Davidson, employee_salary=327900, id=8, employee_age=55}, {profile_image=, employee_name=Colleen Hurst, employee_salary=205500, id=9, employee_age=39}, {profile_image=, employee_name=Sonya Frost, employee_salary=103600, id=10, employee_age=23}, {profile_image=, employee_name=Jena Gaines, employee_salary=90560, id=11, employee_age=30}, {profile_image=, employee_name=Quinn Flynn, employee_salary=342000, id=12, employee_age=22}, {profile_image=, employee_name=Charde Marshall, employee_salary=470600, id=13, employee_age=36}, {profile_image=, employee_name=Haley Kennedy, employee_salary=313500, id=14, employee_age=43}, {profile_image=, employee_name=Tatyana Fitzpatrick, employee_salary=385750, id=15, employee_age=19}, {profile_image=, employee_name=Michael Silva, employee_salary=198500, id=16, employee_age=66}, {profile_image=, employee_name=Paul Byrd, employee_salary=725000, id=17, employee_age=64}, {profile_image=, employee_name=Gloria Little, employee_salary=237500, id=18, employee_age=59}, {profile_image=, employee_name=Bradley Greer, employee_salary=132000, id=19, employee_age=41}, {profile_image=, employee_name=Dai Rios, employee_salary=217500, id=20, employee_age=35}, {profile_image=, employee_name=Jenette Caldwell, employee_salary=345000, id=21, employee_age=30}, {profile_image=, employee_name=Yuri Berry, employee_salary=675000, id=22, employee_age=40}, {profile_image=, employee_name=Caesar Vance, employee_salary=106450, id=23, employee_age=21}, {profile_image=, employee_name=Doris Wilder, employee_salary=85600, id=24, employee_age=23}]

	at AppTest.simple_get_test(AppTest.java:26)
</failure>
    <system-out><![CDATA[result
]]></system-out>
  </testcase>
</testsuite>